0 info it worked if it ends with ok
1 verbose cli [ '/usr/local/bin/node',
1 verbose cli   '/usr/local/bin/npm',
1 verbose cli   'run',
1 verbose cli   'start:prod' ]
2 info using npm@3.8.9
3 info using node@v6.2.0
4 verbose run-script [ 'prestart:prod', 'start:prod', 'poststart:prod' ]
5 info lifecycle react-blog@1.0.0~prestart:prod: react-blog@1.0.0
6 silly lifecycle react-blog@1.0.0~prestart:prod: no script for prestart:prod, continuing
7 info lifecycle react-blog@1.0.0~start:prod: react-blog@1.0.0
8 verbose lifecycle react-blog@1.0.0~start:prod: unsafe-perm in lifecycle true
9 verbose lifecycle react-blog@1.0.0~start:prod: PATH: /usr/local/lib/node_modules/npm/bin/node-gyp-bin:/home/yoo/forWork/react-redux-scaffold/node_modules/.bin:/usr/local/bin:/usr/local/sbin:/usr/local/bin:/usr/sbin:/usr/bin:/sbin:/bin:/usr/games:/usr/local/games:/snap/bin
10 verbose lifecycle react-blog@1.0.0~start:prod: CWD: /home/yoo/forWork/react-redux-scaffold
11 silly lifecycle react-blog@1.0.0~start:prod: Args: [ '-c', 'cross-env NODE_ENV=production node server' ]
12 silly lifecycle react-blog@1.0.0~start:prod: Returned: code: 1  signal: null
13 info lifecycle react-blog@1.0.0~start:prod: Failed to exec start:prod script
14 verbose stack Error: react-blog@1.0.0 start:prod: `cross-env NODE_ENV=production node server`
14 verbose stack Exit status 1
14 verbose stack     at EventEmitter.<anonymous> (/usr/local/lib/node_modules/npm/lib/utils/lifecycle.js:245:16)
14 verbose stack     at emitTwo (events.js:106:13)
14 verbose stack     at EventEmitter.emit (events.js:191:7)
14 verbose stack     at ChildProcess.<anonymous> (/usr/local/lib/node_modules/npm/lib/utils/spawn.js:24:14)
14 verbose stack     at emitTwo (events.js:106:13)
14 verbose stack     at ChildProcess.emit (events.js:191:7)
14 verbose stack     at maybeClose (internal/child_process.js:850:16)
14 verbose stack     at Process.ChildProcess._handle.onexit (internal/child_process.js:215:5)
15 verbose pkgid react-blog@1.0.0
16 verbose cwd /home/yoo/forWork/react-redux-scaffold
17 error Linux 4.4.0-31-generic
18 error argv "/usr/local/bin/node" "/usr/local/bin/npm" "run" "start:prod"
19 error node v6.2.0
20 error npm  v3.8.9
21 error code ELIFECYCLE
22 error react-blog@1.0.0 start:prod: `cross-env NODE_ENV=production node server`
22 error Exit status 1
23 error Failed at the react-blog@1.0.0 start:prod script 'cross-env NODE_ENV=production node server'.
23 error Make sure you have the latest version of node.js and npm installed.
23 error If you do, this is most likely a problem with the react-blog package,
23 error not with npm itself.
23 error Tell the author that this fails on your system:
23 error     cross-env NODE_ENV=production node server
23 error You can get information on how to open an issue for this project with:
23 error     npm bugs react-blog
23 error Or if that isn't available, you can get their info via:
23 error     npm owner ls react-blog
23 error There is likely additional logging output above.
24 verbose exit [ 1, true ]
